[    47.524] (--) Log file renamed from "/home/sneesha/.local/share/xorg/Xorg.pid-1330.log" to "/home/sneesha/.local/share/xorg/Xorg.0.log"
[    47.525] 
X.Org X Server 1.20.8
X Protocol Version 11, Revision 0
[    47.525] Build Operating System: Linux 4.4.0-184-generic x86_64 Ubuntu
[    47.525] Current Operating System: Linux sneesha-VirtualBox 5.4.0-47-generic #51-Ubuntu SMP Fri Sep 4 19:50:52 UTC 2020 x86_64
[    47.525] Kernel command line: BOOT_IMAGE=/boot/vmlinuz-5.4.0-47-generic root=UUID=8894cd7e-6ca2-44f3-88a5-3f71ecb6dca1 ro quiet splash
[    47.525] Build Date: 24 June 2020  06:00:21AM
[    47.525] xorg-server 2:1.20.8-2ubuntu2.2 (For technical support please see http://www.ubuntu.com/support) 
[    47.525] Current version of pixman: 0.38.4
[    47.525] 	Before reporting problems, check http://wiki.x.org
	to make sure that you have the latest version.
[    47.525] Markers: (--) probed, (**) from config file, (==) default setting,
	(++) from command line, (!!) notice, (II) informational,
	(WW) warning, (EE) error, (NI) not implemented, (??) unknown.
[    47.525] (==) Log file: "/home/sneesha/.local/share/xorg/Xorg.0.log", Time: Fri Oct 23 14:37:47 2020
[    47.526] (==) Using system config directory "/usr/share/X11/xorg.conf.d"
[    47.529] (==) No Layout section.  Using the first Screen section.
[    47.529] (==) No screen section available. Using defaults.
[    47.529] (**) |-->Screen "Default Screen Section" (0)
[    47.529] (**) |   |-->Monitor "<default monitor>"
[    47.530] (==) No monitor specified for screen "Default Screen Section".
	Using a default monitor configuration.
[    47.530] (==) Automatically adding devices
[    47.530] (==) Automatically enabling devices
[    47.530] (==) Automatically adding GPU devices
[    47.530] (==) Automatically binding GPU devices
[    47.530] (==) Max clients allowed: 256, resource mask: 0x1fffff
[    47.530] (WW) The directory "/usr/share/fonts/X11/cyrillic" does not exist.
[    47.530] 	Entry deleted from font path.
[    47.530] (WW) The directory "/usr/share/fonts/X11/100dpi/" does not exist.
[    47.530] 	Entry deleted from font path.
[    47.530] (WW) The directory "/usr/share/fonts/X11/75dpi/" does not exist.
[    47.530] 	Entry deleted from font path.
[    47.530] (WW) The directory "/usr/share/fonts/X11/100dpi" does not exist.
[    47.530] 	Entry deleted from font path.
[    47.530] (WW) The directory "/usr/share/fonts/X11/75dpi" does not exist.
[    47.530] 	Entry deleted from font path.
[    47.530] (==) FontPath set to:
	/usr/share/fonts/X11/misc,
	/usr/share/fonts/X11/Type1,
	built-ins
[    47.530] (==) ModulePath set to "/usr/lib/xorg/modules"
[    47.530] (II) The server relies on udev to provide the list of input devices.
	If no devices become available, reconfigure udev or disable AutoAddDevices.
[    47.530] (II) Loader magic: 0x55723ae89020
[    47.530] (II) Module ABI versions:
[    47.531] 	X.Org ANSI C Emulation: 0.4
[    47.531] 	X.Org Video Driver: 24.1
[    47.531] 	X.Org XInput driver : 24.1
[    47.531] 	X.Org Server Extension : 10.0
[    47.535] (++) using VT number 2

[    47.538] (II) systemd-logind: took control of session /org/freedesktop/login1/session/_32
[    47.540] (II) xfree86: Adding drm device (/dev/dri/card0)
[    47.541] (II) systemd-logind: got fd for /dev/dri/card0 226:0 fd 12 paused 0
[    47.545] (--) PCI:*(0@0:2:0) 15ad:0405:15ad:0405 rev 0, Mem @ 0xf0000000/16777216, 0xf1000000/2097152, I/O @ 0x0000d010/16, BIOS @ 0x????????/131072
[    47.547] (II) LoadModule: "glx"
[    47.550] (II) Loading /usr/lib/xorg/modules/extensions/libglx.so
[    47.557] (II) Module glx: vendor="X.Org Foundation"
[    47.557] 	compiled for 1.20.8, module version = 1.0.0
[    47.557] 	ABI class: X.Org Server Extension, version 10.0
[    47.558] (==) Matched vmware as autoconfigured driver 0
[    47.558] (==) Matched modesetting as autoconfigured driver 1
[    47.558] (==) Matched fbdev as autoconfigured driver 2
[    47.558] (==) Matched vesa as autoconfigured driver 3
[    47.558] (==) Assigned the driver to the xf86ConfigLayout
[    47.558] (II) LoadModule: "vmware"
[    47.565] (II) Loading /usr/lib/xorg/modules/drivers/vmware_drv.so
[    47.602] (II) Module vmware: vendor="X.Org Foundation"
[    47.602] 	compiled for 1.20.8, module version = 13.3.0
[    47.602] 	Module class: X.Org Video Driver
[    47.602] 	ABI class: X.Org Video Driver, version 24.1
[    47.602] (II) LoadModule: "modesetting"
[    47.602] (II) Loading /usr/lib/xorg/modules/drivers/modesetting_drv.so
[    47.605] (II) Module modesetting: vendor="X.Org Foundation"
[    47.605] 	compiled for 1.20.8, module version = 1.20.8
[    47.605] 	Module class: X.Org Video Driver
[    47.605] 	ABI class: X.Org Video Driver, version 24.1
[    47.605] (II) LoadModule: "fbdev"
[    47.605] (II) Loading /usr/lib/xorg/modules/drivers/fbdev_drv.so
[    47.606] (II) Module fbdev: vendor="X.Org Foundation"
[    47.606] 	compiled for 1.20.1, module version = 0.5.0
[    47.606] 	Module class: X.Org Video Driver
[    47.606] 	ABI class: X.Org Video Driver, version 24.0
[    47.606] (II) LoadModule: "vesa"
[    47.606] (II) Loading /usr/lib/xorg/modules/drivers/vesa_drv.so
[    47.607] (II) Module vesa: vendor="X.Org Foundation"
[    47.607] 	compiled for 1.20.4, module version = 2.4.0
[    47.607] 	Module class: X.Org Video Driver
[    47.607] 	ABI class: X.Org Video Driver, version 24.0
[    47.607] (II) vmware: driver for VMware SVGA: vmware0405, vmware0710
[    47.608] (II) modesetting: Driver for Modesetting Kernel Drivers: kms
[    47.608] (II) FBDEV: driver for framebuffer: fbdev
[    47.608] (II) VESA: driver for VESA chipsets: vesa
[    47.608] xf86EnableIOPorts: failed to set IOPL for I/O (Operation not permitted)
[    47.608] (WW) Falling back to old probe method for modesetting
[    47.608] (WW) Falling back to old probe method for fbdev
[    47.608] (II) Loading sub module "fbdevhw"
[    47.608] (II) LoadModule: "fbdevhw"
[    47.609] (II) Loading /usr/lib/xorg/modules/libfbdevhw.so
[    47.610] (II) Module fbdevhw: vendor="X.Org Foundation"
[    47.610] 	compiled for 1.20.8, module version = 0.0.2
[    47.610] 	ABI class: X.Org Video Driver, version 24.1
[    47.610] (EE) open /dev/fb0: Permission denied
[    47.610] (WW) VGA arbiter: cannot open kernel arbiter, no multi-card support
[    47.610] (II) vmware(0): Creating default Display subsection in Screen section
	"Default Screen Section" for depth/fbbpp 24/32
[    47.610] (--) vmware(0): DRM driver version is 2.15.0
[    47.610] (==) vmware(0): Depth 24, (--) framebuffer bpp 32
[    47.610] (==) vmware(0): RGB weight 888
[    47.610] (==) vmware(0): Default visual is TrueColor
[    47.610] (--) vmware(0): Min width 1, Max Width 8192.
[    47.610] (--) vmware(0): Min height 1, Max Height 8192.
[    47.610] (II) vmware(0): Output Virtual1 has no monitor section
[    47.610] (II) vmware(0): Output Virtual2 has no monitor section
[    47.611] (II) vmware(0): Output Virtual3 has no monitor section
[    47.611] (II) vmware(0): Output Virtual4 has no monitor section
[    47.611] (II) vmware(0): Output Virtual5 has no monitor section
[    47.611] (II) vmware(0): Output Virtual6 has no monitor section
[    47.611] (II) vmware(0): Output Virtual7 has no monitor section
[    47.611] (II) vmware(0): Output Virtual8 has no monitor section
[    47.611] (II) vmware(0): Printing probed modes for output Virtual1
[    47.611] (II) vmware(0): Modeline "800x600"x60.0   42.75  800 850 900 950  600 650 700 750 -hsync +vsync (45.0 kHz eP)
[    47.611] (II) vmware(0): Modeline "2560x1600"x60.0  348.50  2560 2752 3032 3504  1600 1603 1609 1658 -hsync +vsync (99.5 kHz e)
[    47.611] (II) vmware(0): Modeline "1920x1440"x60.0  234.00  1920 2048 2256 2600  1440 1441 1444 1500 -hsync +vsync (90.0 kHz e)
[    47.611] (II) vmware(0): Modeline "1856x1392"x60.0  218.25  1856 1952 2176 2528  1392 1393 1396 1439 -hsync +vsync (86.3 kHz e)
[    47.611] (II) vmware(0): Modeline "1792x1344"x60.0  204.75  1792 1920 2120 2448  1344 1345 1348 1394 -hsync +vsync (83.6 kHz e)
[    47.611] (II) vmware(0): Modeline "1920x1200"x59.9  193.25  1920 2056 2256 2592  1200 1203 1209 1245 -hsync +vsync (74.6 kHz e)
[    47.611] (II) vmware(0): Modeline "1600x1200"x60.0  162.00  1600 1664 1856 2160  1200 1201 1204 1250 +hsync +vsync (75.0 kHz e)
[    47.611] (II) vmware(0): Modeline "1680x1050"x60.0  146.25  1680 1784 1960 2240  1050 1053 1059 1089 -hsync +vsync (65.3 kHz e)
[    47.611] (II) vmware(0): Modeline "1400x1050"x60.0  121.75  1400 1488 1632 1864  1050 1053 1057 1089 -hsync +vsync (65.3 kHz e)
[    47.611] (II) vmware(0): Modeline "1280x1024"x60.0  108.00  1280 1328 1440 1688  1024 1025 1028 1066 +hsync +vsync (64.0 kHz e)
[    47.611] (II) vmware(0): Modeline "1440x900"x59.9  106.50  1440 1520 1672 1904  900 903 909 934 -hsync +vsync (55.9 kHz e)
[    47.611] (II) vmware(0): Modeline "1280x960"x60.0  108.00  1280 1376 1488 1800  960 961 964 1000 +hsync +vsync (60.0 kHz e)
[    47.611] (II) vmware(0): Modeline "1360x768"x60.0   85.50  1360 1424 1536 1792  768 771 777 795 +hsync +vsync (47.7 kHz e)
[    47.611] (II) vmware(0): Modeline "1280x800"x59.8   83.50  1280 1352 1480 1680  800 803 809 831 +hsync -vsync (49.7 kHz e)
[    47.611] (II) vmware(0): Modeline "1152x864"x75.0  108.00  1152 1216 1344 1600  864 865 868 900 +hsync +vsync (67.5 kHz e)
[    47.611] (II) vmware(0): Modeline "1280x768"x59.9   79.50  1280 1344 1472 1664  768 771 778 798 -hsync +vsync (47.8 kHz e)
[    47.611] (II) vmware(0): Modeline "1024x768"x60.0   65.00  1024 1048 1184 1344  768 771 777 806 -hsync -vsync (48.4 kHz e)
[    47.611] (II) vmware(0): Modeline "800x600"x60.3   40.00  800 840 968 1056  600 601 605 628 +hsync +vsync (37.9 kHz e)
[    47.611] (II) vmware(0): Modeline "640x480"x59.9   25.18  640 656 752 800  480 489 492 525 -hsync -vsync (31.5 kHz e)
[    47.611] (II) vmware(0): EDID for output Virtual2
[    47.611] (II) vmware(0): EDID for output Virtual3
[    47.611] (II) vmware(0): EDID for output Virtual4
[    47.611] (II) vmware(0): EDID for output Virtual5
[    47.611] (II) vmware(0): EDID for output Virtual6
[    47.611] (II) vmware(0): EDID for output Virtual7
[    47.611] (II) vmware(0): EDID for output Virtual8
[    47.611] (II) vmware(0): Output Virtual1 connected
[    47.611] (II) vmware(0): Output Virtual2 disconnected
[    47.611] (II) vmware(0): Output Virtual3 disconnected
[    47.611] (II) vmware(0): Output Virtual4 disconnected
[    47.611] (II) vmware(0): Output Virtual5 disconnected
[    47.611] (II) vmware(0): Output Virtual6 disconnected
[    47.611] (II) vmware(0): Output Virtual7 disconnected
[    47.611] (II) vmware(0): Output Virtual8 disconnected
[    47.611] (II) vmware(0): Using exact sizes for initial modes
[    47.611] (II) vmware(0): Output Virtual1 using initial mode 800x600 +0+0
[    47.611] (==) vmware(0): DPI set to (96, 96)
[    47.611] (==) vmware(0): Using gamma correction (1.0, 1.0, 1.0)
[    47.611] (II) Loading sub module "fb"
[    47.611] (II) LoadModule: "fb"
[    47.611] (II) Loading /usr/lib/xorg/modules/libfb.so
[    47.613] (II) Module fb: vendor="X.Org Foundation"
[    47.613] 	compiled for 1.20.8, module version = 1.0.0
[    47.613] 	ABI class: X.Org ANSI C Emulation, version 0.4
[    47.613] (II) Loading sub module "dri2"
[    47.613] (II) LoadModule: "dri2"
[    47.613] (II) Module "dri2" already built-in
[    47.613] (II) Loading sub module "dri3"
[    47.614] (II) LoadModule: "dri3"
[    47.614] (II) Module "dri3" already built-in
[    47.614] (II) UnloadModule: "modesetting"
[    47.614] (II) Unloading modesetting
[    47.614] (II) UnloadModule: "fbdev"
[    47.614] (II) Unloading fbdev
[    47.614] (II) UnloadSubModule: "fbdevhw"
[    47.614] (II) Unloading fbdevhw
[    47.614] (II) UnloadModule: "vesa"
[    47.614] (II) Unloading vesa
[    47.617] (II) vmware(0): Initialized VMWARE_CTRL extension version 0.2
[    47.629] (WW) vmware(0): Failed to initialize Gallium3D Xa. No render acceleration available.
[    47.629] (WW) vmware(0): Skipped initialization of direct rendering due to lack of render acceleration.
[    47.629] (--) vmware(0): Render acceleration is disabled.
[    47.629] (==) vmware(0): Rendercheck mode is disabled.
[    47.629] (--) vmware(0): Direct rendering (DRI2 3D) is disabled.
[    47.629] (--) vmware(0): Direct rendering (DRI3 3D) is disabled.
[    47.629] (==) vmware(0): Backing store enabled
[    47.630] (==) vmware(0): Silken mouse enabled
[    47.632] (==) vmware(0): DPMS enabled
[    47.632] (II) vmware(0): No 3D acceleration. Not setting up textured video.
[    47.632] (WW) vmware(0): Disabling Xv because no adaptors could be initialized.
[    47.632] (II) Initializing extension Generic Event Extension
[    47.632] (II) Initializing extension SHAPE
[    47.632] (II) Initializing extension MIT-SHM
[    47.633] (II) Initializing extension XInputExtension
[    47.633] (II) Initializing extension XTEST
[    47.634] (II) Initializing extension BIG-REQUESTS
[    47.634] (II) Initializing extension SYNC
[    47.634] (II) Initializing extension XKEYBOARD
[    47.634] (II) Initializing extension XC-MISC
[    47.637] (II) Initializing extension SECURITY
[    47.637] (II) Initializing extension XFIXES
[    47.637] (II) Initializing extension RENDER
[    47.637] (II) Initializing extension RANDR
[    47.638] (II) Initializing extension COMPOSITE
[    47.638] (II) Initializing extension DAMAGE
[    47.638] (II) Initializing extension MIT-SCREEN-SAVER
[    47.638] (II) Initializing extension DOUBLE-BUFFER
[    47.638] (II) Initializing extension RECORD
[    47.638] (II) Initializing extension DPMS
[    47.638] (II) Initializing extension Present
[    47.639] (II) Initializing extension DRI3
[    47.639] (II) Initializing extension X-Resource
[    47.639] (II) Initializing extension XVideo
[    47.639] (II) Initializing extension XVideo-MotionCompensation
[    47.639] (II) Initializing extension SELinux
[    47.639] (II) SELinux: Disabled on system
[    47.639] (II) Initializing extension GLX
[    47.639] (II) AIGLX: Screen 0 is not DRI2 capable
[    47.653] (II) IGLX: Loaded and initialized swrast
[    47.653] (II) GLX: Initialized DRISWRAST GL provider for screen 0
[    47.653] (II) Initializing extension XFree86-VidModeExtension
[    47.654] (II) Initializing extension XFree86-DGA
[    47.654] (II) Initializing extension XFree86-DRI
[    47.656] (II) Initializing extension DRI2
[    47.661] (II) vmware(0): Setting screen physical size to 211 x 158
[    47.714] (II) config/udev: Adding input device Power Button (/dev/input/event0)
[    47.714] (**) Power Button: Applying InputClass "libinput keyboard catchall"
[    47.714] (II) LoadModule: "libinput"
[    47.715] (II) Loading /usr/lib/xorg/modules/input/libinput_drv.so
[    47.723] (II) Module libinput: vendor="X.Org Foundation"
[    47.723] 	compiled for 1.20.4, module version = 0.29.0
[    47.723] 	Module class: X.Org XInput Driver
[    47.723] 	ABI class: X.Org XInput driver, version 24.1
[    47.723] (II) Using input driver 'libinput' for 'Power Button'
[    47.725] (II) systemd-logind: got fd for /dev/input/event0 13:64 fd 20 paused 0
[    47.725] (**) Power Button: always reports core events
[    47.725] (**) Option "Device" "/dev/input/event0"
[    47.725] (**) Option "_source" "server/udev"
[    47.740] (II) event0  - Power Button: is tagged by udev as: Keyboard
[    47.741] (II) event0  - Power Button: device is a keyboard
[    47.741] (II) event0  - Power Button: device removed
[    47.741] (**) Option "config_info" "udev:/sys/devices/LNXSYSTM:00/LNXPWRBN:00/input/input0/event0"
[    47.741] (II) XINPUT: Adding extended input device "Power Button" (type: KEYBOARD, id 6)
[    47.741] (**) Option "xkb_model" "pc105"
[    47.741] (**) Option "xkb_layout" "us"
[    47.743] (II) event0  - Power Button: is tagged by udev as: Keyboard
[    47.743] (II) event0  - Power Button: device is a keyboard
[    47.744] (II) config/udev: Adding input device Sleep Button (/dev/input/event1)
[    47.744] (**) Sleep Button: Applying InputClass "libinput keyboard catchall"
[    47.744] (II) Using input driver 'libinput' for 'Sleep Button'
[    47.746] (II) systemd-logind: got fd for /dev/input/event1 13:65 fd 23 paused 0
[    47.746] (**) Sleep Button: always reports core events
[    47.746] (**) Option "Device" "/dev/input/event1"
[    47.746] (**) Option "_source" "server/udev"
[    47.747] (II) event1  - Sleep Button: is tagged by udev as: Keyboard
[    47.748] (II) event1  - Sleep Button: device is a keyboard
[    47.748] (II) event1  - Sleep Button: device removed
[    47.748] (**) Option "config_info" "udev:/sys/devices/LNXSYSTM:00/LNXSLPBN:00/input/input1/event1"
[    47.748] (II) XINPUT: Adding extended input device "Sleep Button" (type: KEYBOARD, id 7)
[    47.748] (**) Option "xkb_model" "pc105"
[    47.749] (**) Option "xkb_layout" "us"
[    47.751] (II) event1  - Sleep Button: is tagged by udev as: Keyboard
[    47.751] (II) event1  - Sleep Button: device is a keyboard
[    47.752] (II) config/udev: Adding input device Video Bus (/dev/input/event3)
[    47.752] (**) Video Bus: Applying InputClass "libinput keyboard catchall"
[    47.752] (II) Using input driver 'libinput' for 'Video Bus'
[    47.755] (II) systemd-logind: got fd for /dev/input/event3 13:67 fd 24 paused 0
[    47.755] (**) Video Bus: always reports core events
[    47.755] (**) Option "Device" "/dev/input/event3"
[    47.755] (**) Option "_source" "server/udev"
[    47.760] (II) event3  - Video Bus: is tagged by udev as: Keyboard
[    47.760] (II) event3  - Video Bus: device is a keyboard
[    47.760] (II) event3  - Video Bus: device removed
[    47.760] (**) Option "config_info" "udev:/sys/devices/LNXSYSTM:00/LNXSYBUS:00/PNP0A03:00/LNXVIDEO:00/input/input4/event3"
[    47.760] (II) XINPUT: Adding extended input device "Video Bus" (type: KEYBOARD, id 8)
[    47.760] (**) Option "xkb_model" "pc105"
[    47.760] (**) Option "xkb_layout" "us"
[    47.762] (II) event3  - Video Bus: is tagged by udev as: Keyboard
[    47.763] (II) event3  - Video Bus: device is a keyboard
[    47.764] (II) config/udev: Adding input device VirtualBox mouse integration (/dev/input/event6)
[    47.764] (**) VirtualBox mouse integration: Applying InputClass "libinput pointer catchall"
[    47.764] (II) Using input driver 'libinput' for 'VirtualBox mouse integration'
[    47.766] (II) systemd-logind: got fd for /dev/input/event6 13:70 fd 25 paused 0
[    47.766] (**) VirtualBox mouse integration: always reports core events
[    47.766] (**) Option "Device" "/dev/input/event6"
[    47.766] (**) Option "_source" "server/udev"
[    47.767] (II) event6  - VirtualBox mouse integration: is tagged by udev as: Mouse
[    47.769] (II) event6  - VirtualBox mouse integration: device is a pointer
[    47.769] (II) event6  - VirtualBox mouse integration: device removed
[    47.769] (**) Option "config_info" "udev:/sys/devices/pci0000:00/0000:00:04.0/input/input7/event6"
[    47.769] (II) XINPUT: Adding extended input device "VirtualBox mouse integration" (type: MOUSE, id 9)
[    47.772] (**) Option "AccelerationScheme" "none"
[    47.772] (**) VirtualBox mouse integration: (accel) selected scheme none/0
[    47.772] (**) VirtualBox mouse integration: (accel) acceleration factor: 2.000
[    47.772] (**) VirtualBox mouse integration: (accel) acceleration threshold: 4
[    47.773] (II) event6  - VirtualBox mouse integration: is tagged by udev as: Mouse
[    47.773] (II) event6  - VirtualBox mouse integration: device is a pointer
[    47.773] (II) config/udev: Adding input device VirtualBox mouse integration (/dev/input/js1)
[    47.773] (II) No input driver specified, ignoring this device.
[    47.773] (II) This device may have been added with another device file.
[    47.774] (II) config/udev: Adding input device VirtualBox USB Tablet (/dev/input/event5)
[    47.774] (**) VirtualBox USB Tablet: Applying InputClass "libinput pointer catchall"
[    47.774] (II) Using input driver 'libinput' for 'VirtualBox USB Tablet'
[    47.839] (II) systemd-logind: got fd for /dev/input/event5 13:69 fd 26 paused 0
[    47.839] (**) VirtualBox USB Tablet: always reports core events
[    47.839] (**) Option "Device" "/dev/input/event5"
[    47.839] (**) Option "_source" "server/udev"
[    47.841] (II) event5  - VirtualBox USB Tablet: is tagged by udev as: Mouse
[    47.841] (II) event5  - VirtualBox USB Tablet: device is a pointer
[    47.841] (II) event5  - VirtualBox USB Tablet: device removed
[    47.841] (**) Option "config_info" "udev:/sys/devices/pci0000:00/0000:00:06.0/usb1/1-1/1-1:1.0/0003:80EE:0021.0001/input/input6/event5"
[    47.841] (II) XINPUT: Adding extended input device "VirtualBox USB Tablet" (type: MOUSE, id 10)
[    47.841] (**) Option "AccelerationScheme" "none"
[    47.841] (**) VirtualBox USB Tablet: (accel) selected scheme none/0
[    47.841] (**) VirtualBox USB Tablet: (accel) acceleration factor: 2.000
[    47.841] (**) VirtualBox USB Tablet: (accel) acceleration threshold: 4
[    47.843] (II) event5  - VirtualBox USB Tablet: is tagged by udev as: Mouse
[    47.844] (II) event5  - VirtualBox USB Tablet: device is a pointer
[    47.845] (II) config/udev: Adding input device VirtualBox USB Tablet (/dev/input/js0)
[    47.845] (II) No input driver specified, ignoring this device.
[    47.845] (II) This device may have been added with another device file.
[    47.846] (II) config/udev: Adding input device VirtualBox USB Tablet (/dev/input/mouse1)
[    47.846] (II) No input driver specified, ignoring this device.
[    47.846] (II) This device may have been added with another device file.
[    47.847] (II) config/udev: Adding input device AT Translated Set 2 keyboard (/dev/input/event2)
[    47.847] (**) AT Translated Set 2 keyboard: Applying InputClass "libinput keyboard catchall"
[    47.847] (II) Using input driver 'libinput' for 'AT Translated Set 2 keyboard'
[    47.849] (II) systemd-logind: got fd for /dev/input/event2 13:66 fd 27 paused 0
[    47.849] (**) AT Translated Set 2 keyboard: always reports core events
[    47.849] (**) Option "Device" "/dev/input/event2"
[    47.849] (**) Option "_source" "server/udev"
[    47.850] (II) event2  - AT Translated Set 2 keyboard: is tagged by udev as: Keyboard
[    47.850] (II) event2  - AT Translated Set 2 keyboard: device is a keyboard
[    47.851] (II) event2  - AT Translated Set 2 keyboard: device removed
[    47.851] (**) Option "config_info" "udev:/sys/devices/platform/i8042/serio0/input/input2/event2"
[    47.851] (II) XINPUT: Adding extended input device "AT Translated Set 2 keyboard" (type: KEYBOARD, id 11)
[    47.851] (**) Option "xkb_model" "pc105"
[    47.851] (**) Option "xkb_layout" "us"
[    47.852] (II) event2  - AT Translated Set 2 keyboard: is tagged by udev as: Keyboard
[    47.852] (II) event2  - AT Translated Set 2 keyboard: device is a keyboard
[    47.854] (II) config/udev: Adding input device ImExPS/2 Generic Explorer Mouse (/dev/input/event4)
[    47.854] (**) ImExPS/2 Generic Explorer Mouse: Applying InputClass "libinput pointer catchall"
[    47.854] (II) Using input driver 'libinput' for 'ImExPS/2 Generic Explorer Mouse'
[    47.861] (II) systemd-logind: got fd for /dev/input/event4 13:68 fd 28 paused 0
[    47.861] (**) ImExPS/2 Generic Explorer Mouse: always reports core events
[    47.861] (**) Option "Device" "/dev/input/event4"
[    47.864] (**) Option "_source" "server/udev"
[    47.865] (II) event4  - ImExPS/2 Generic Explorer Mouse: is tagged by udev as: Mouse
[    47.865] (II) event4  - ImExPS/2 Generic Explorer Mouse: device is a pointer
[    47.865] (II) event4  - ImExPS/2 Generic Explorer Mouse: device removed
[    47.865] (**) Option "config_info" "udev:/sys/devices/platform/i8042/serio1/input/input5/event4"
[    47.865] (II) XINPUT: Adding extended input device "ImExPS/2 Generic Explorer Mouse" (type: MOUSE, id 12)
[    47.865] (**) Option "AccelerationScheme" "none"
[    47.865] (**) ImExPS/2 Generic Explorer Mouse: (accel) selected scheme none/0
[    47.865] (**) ImExPS/2 Generic Explorer Mouse: (accel) acceleration factor: 2.000
[    47.865] (**) ImExPS/2 Generic Explorer Mouse: (accel) acceleration threshold: 4
[    47.866] (II) event4  - ImExPS/2 Generic Explorer Mouse: is tagged by udev as: Mouse
[    47.867] (II) event4  - ImExPS/2 Generic Explorer Mouse: device is a pointer
[    47.867] (II) config/udev: Adding input device ImExPS/2 Generic Explorer Mouse (/dev/input/mouse0)
[    47.867] (II) No input driver specified, ignoring this device.
[    47.867] (II) This device may have been added with another device file.
